[2023-09-17 09:42:47,415] 12 root - INFO - >>>>>> stage Data Ingestion stage started <<<<<<
[2023-09-17 09:42:47,417] 36 root - INFO - yaml file: config\config.yaml loaded successfully
[2023-09-17 09:42:47,418] 36 root - INFO - yaml file: params.yaml loaded successfully
[2023-09-17 09:42:47,419] 54 root - INFO - created directory at: artifacts
[2023-09-17 09:42:47,419] 54 root - INFO - created directory at: artifacts/data_ingestion
[2023-09-17 09:42:47,419] 24 root - INFO - File already exists of size: ~ 1189856 KB
[2023-09-17 09:43:05,120] 15 root - INFO - >>>>>> stage Data Ingestion stage completed <<<<<<

x==========x
[2023-09-17 09:43:05,121] 21 root - INFO - *******************
[2023-09-17 09:43:05,121] 22 root - INFO - >>>>>> stage Prepare base model started <<<<<<
[2023-09-17 09:43:05,126] 36 root - INFO - yaml file: config\config.yaml loaded successfully
[2023-09-17 09:43:05,129] 36 root - INFO - yaml file: params.yaml loaded successfully
[2023-09-17 09:43:05,130] 54 root - INFO - created directory at: artifacts
[2023-09-17 09:43:05,131] 54 root - INFO - created directory at: artifacts/prepare_base_model
[2023-09-17 09:43:06,293] 359 tensorflow - WARNING - Compiled the loaded model, but the compiled metrics have yet to be built. `model.compile_metrics` will be empty until you train or evaluate the model.
[2023-09-17 09:43:06,834] 25 root - INFO - >>>>>> stage Prepare base model completed <<<<<<

x==========x
[2023-09-17 09:43:06,835] 32 root - INFO - *******************
[2023-09-17 09:43:06,835] 33 root - INFO - >>>>>> stage Training started <<<<<<
[2023-09-17 09:43:06,839] 36 root - INFO - yaml file: config\config.yaml loaded successfully
[2023-09-17 09:43:06,842] 36 root - INFO - yaml file: params.yaml loaded successfully
[2023-09-17 09:43:06,843] 54 root - INFO - created directory at: artifacts
[2023-09-17 09:43:06,844] 54 root - INFO - created directory at: artifacts\prepare_callbacks\checkpoint_dir
[2023-09-17 09:43:06,845] 54 root - INFO - created directory at: artifacts\prepare_callbacks\tensorboard_log_dir
