[2023-09-17 17:28:49,912] 12 root - INFO - >>>>>> stage Data Ingestion stage started <<<<<<
[2023-09-17 17:28:49,914] 36 root - INFO - yaml file: config\config.yaml loaded successfully
[2023-09-17 17:28:49,916] 36 root - INFO - yaml file: params.yaml loaded successfully
[2023-09-17 17:28:49,917] 54 root - INFO - created directory at: artifacts
[2023-09-17 17:28:49,917] 54 root - INFO - created directory at: artifacts/data_ingestion
[2023-09-17 17:28:49,917] 24 root - INFO - File already exists of size: ~ 1189856 KB
[2023-09-17 17:29:02,400] 15 root - INFO - >>>>>> stage Data Ingestion stage completed <<<<<<

x==========x
[2023-09-17 17:29:02,401] 21 root - INFO - *******************
[2023-09-17 17:29:02,401] 22 root - INFO - >>>>>> stage Prepare base model started <<<<<<
[2023-09-17 17:29:02,402] 36 root - INFO - yaml file: config\config.yaml loaded successfully
[2023-09-17 17:29:02,404] 36 root - INFO - yaml file: params.yaml loaded successfully
[2023-09-17 17:29:02,404] 54 root - INFO - created directory at: artifacts
[2023-09-17 17:29:02,404] 54 root - INFO - created directory at: artifacts/prepare_base_model
[2023-09-17 17:29:02,981] 359 tensorflow - WARNING - Compiled the loaded model, but the compiled metrics have yet to be built. `model.compile_metrics` will be empty until you train or evaluate the model.
[2023-09-17 17:29:03,249] 25 root - INFO - >>>>>> stage Prepare base model completed <<<<<<

x==========x
[2023-09-17 17:29:03,250] 32 root - INFO - *******************
[2023-09-17 17:29:03,250] 33 root - INFO - >>>>>> stage Training started <<<<<<
[2023-09-17 17:29:03,251] 36 root - INFO - yaml file: config\config.yaml loaded successfully
[2023-09-17 17:29:03,253] 36 root - INFO - yaml file: params.yaml loaded successfully
[2023-09-17 17:29:03,253] 54 root - INFO - created directory at: artifacts
[2023-09-17 17:29:03,254] 54 root - INFO - created directory at: artifacts\training
[2023-09-17 17:41:09,612] 36 root - INFO - >>>>>> stage Training completed <<<<<<

x==========x
