[2023-09-17 09:46:43,178] 12 root - INFO - >>>>>> stage Data Ingestion stage started <<<<<<
[2023-09-17 09:46:43,181] 36 root - INFO - yaml file: config\config.yaml loaded successfully
[2023-09-17 09:46:43,184] 36 root - INFO - yaml file: params.yaml loaded successfully
[2023-09-17 09:46:43,185] 54 root - INFO - created directory at: artifacts
[2023-09-17 09:46:43,185] 54 root - INFO - created directory at: artifacts/data_ingestion
[2023-09-17 09:46:43,185] 24 root - INFO - File already exists of size: ~ 1189856 KB
[2023-09-17 09:46:58,160] 15 root - INFO - >>>>>> stage Data Ingestion stage completed <<<<<<

x==========x
[2023-09-17 09:46:58,160] 21 root - INFO - *******************
[2023-09-17 09:46:58,161] 22 root - INFO - >>>>>> stage Prepare base model started <<<<<<
[2023-09-17 09:46:58,163] 36 root - INFO - yaml file: config\config.yaml loaded successfully
[2023-09-17 09:46:58,164] 36 root - INFO - yaml file: params.yaml loaded successfully
[2023-09-17 09:46:58,164] 54 root - INFO - created directory at: artifacts
[2023-09-17 09:46:58,165] 54 root - INFO - created directory at: artifacts/prepare_base_model
[2023-09-17 09:46:58,846] 359 tensorflow - WARNING - Compiled the loaded model, but the compiled metrics have yet to be built. `model.compile_metrics` will be empty until you train or evaluate the model.
[2023-09-17 09:46:59,311] 25 root - INFO - >>>>>> stage Prepare base model completed <<<<<<

x==========x
[2023-09-17 09:46:59,311] 32 root - INFO - *******************
[2023-09-17 09:46:59,311] 33 root - INFO - >>>>>> stage Training started <<<<<<
[2023-09-17 09:46:59,313] 36 root - INFO - yaml file: config\config.yaml loaded successfully
[2023-09-17 09:46:59,314] 36 root - INFO - yaml file: params.yaml loaded successfully
[2023-09-17 09:46:59,314] 54 root - INFO - created directory at: artifacts
[2023-09-17 09:46:59,315] 54 root - INFO - created directory at: artifacts\prepare_callbacks\checkpoint_dir
[2023-09-17 09:46:59,316] 54 root - INFO - created directory at: artifacts\prepare_callbacks\tensorboard_log_dir
