[2023-09-17 09:05:25,544] 12 root - INFO - >>>>>> stage Data Ingestion stage started <<<<<<
[2023-09-17 09:05:25,547] 36 root - INFO - yaml file: config\config.yaml loaded successfully
[2023-09-17 09:05:25,549] 36 root - INFO - yaml file: params.yaml loaded successfully
[2023-09-17 09:05:25,549] 54 root - INFO - created directory at: artifacts
[2023-09-17 09:05:25,550] 54 root - INFO - created directory at: artifacts/data_ingestion
[2023-09-17 09:05:25,550] 24 root - INFO - File already exists of size: ~ 1189856 KB
[2023-09-17 09:05:40,601] 15 root - INFO - >>>>>> stage Data Ingestion stage completed <<<<<<

x==========x
[2023-09-17 09:05:40,602] 21 root - INFO - *******************
[2023-09-17 09:05:40,602] 22 root - INFO - >>>>>> stage Prepare base model started <<<<<<
[2023-09-17 09:05:40,611] 36 root - INFO - yaml file: config\config.yaml loaded successfully
[2023-09-17 09:05:40,617] 36 root - INFO - yaml file: params.yaml loaded successfully
[2023-09-17 09:05:40,618] 54 root - INFO - created directory at: artifacts
[2023-09-17 09:05:40,619] 54 root - INFO - created directory at: artifacts/prepare_base_model
[2023-09-17 09:05:41,931] 359 tensorflow - WARNING - Compiled the loaded model, but the compiled metrics have yet to be built. `model.compile_metrics` will be empty until you train or evaluate the model.
[2023-09-17 09:05:42,522] 25 root - INFO - >>>>>> stage Prepare base model completed <<<<<<

x==========x
[2023-09-17 09:05:42,522] 32 root - INFO - *******************
[2023-09-17 09:05:42,523] 33 root - INFO - >>>>>> stage Training started <<<<<<
[2023-09-17 09:05:42,527] 36 root - INFO - yaml file: config\config.yaml loaded successfully
[2023-09-17 09:05:42,531] 36 root - INFO - yaml file: params.yaml loaded successfully
[2023-09-17 09:05:42,532] 54 root - INFO - created directory at: artifacts
[2023-09-17 09:05:42,533] 54 root - INFO - created directory at: artifacts\prepare_callbacks\checkpoint_dir
[2023-09-17 09:05:42,533] 54 root - INFO - created directory at: artifacts\prepare_callbacks\tensorboard_log_dir
