[2023-09-17 18:02:06,500] 12 root - INFO - >>>>>> stage Data Ingestion stage started <<<<<<
[2023-09-17 18:02:06,503] 36 root - INFO - yaml file: config\config.yaml loaded successfully
[2023-09-17 18:02:06,505] 36 root - INFO - yaml file: params.yaml loaded successfully
[2023-09-17 18:02:06,506] 54 root - INFO - created directory at: artifacts
[2023-09-17 18:02:06,506] 54 root - INFO - created directory at: artifacts/data_ingestion
[2023-09-17 18:02:06,506] 24 root - INFO - File already exists of size: ~ 1189856 KB
[2023-09-17 18:02:18,456] 15 root - INFO - >>>>>> stage Data Ingestion stage completed <<<<<<

x==========x
[2023-09-17 18:02:18,457] 21 root - INFO - *******************
[2023-09-17 18:02:18,457] 22 root - INFO - >>>>>> stage Prepare base model started <<<<<<
[2023-09-17 18:02:18,460] 36 root - INFO - yaml file: config\config.yaml loaded successfully
[2023-09-17 18:02:18,462] 36 root - INFO - yaml file: params.yaml loaded successfully
[2023-09-17 18:02:18,462] 54 root - INFO - created directory at: artifacts
[2023-09-17 18:02:18,462] 54 root - INFO - created directory at: artifacts/prepare_base_model
[2023-09-17 18:02:19,041] 359 tensorflow - WARNING - Compiled the loaded model, but the compiled metrics have yet to be built. `model.compile_metrics` will be empty until you train or evaluate the model.
[2023-09-17 18:02:19,302] 25 root - INFO - >>>>>> stage Prepare base model completed <<<<<<

x==========x
[2023-09-17 18:02:19,302] 32 root - INFO - *******************
[2023-09-17 18:02:19,302] 33 root - INFO - >>>>>> stage Training started <<<<<<
[2023-09-17 18:02:19,304] 36 root - INFO - yaml file: config\config.yaml loaded successfully
[2023-09-17 18:02:19,305] 36 root - INFO - yaml file: params.yaml loaded successfully
[2023-09-17 18:02:19,305] 54 root - INFO - created directory at: artifacts
[2023-09-17 18:02:19,306] 54 root - INFO - created directory at: artifacts\training
[2023-09-17 18:13:45,257] 36 root - INFO - >>>>>> stage Training completed <<<<<<

x==========x
[2023-09-17 18:13:45,258] 43 root - INFO - *******************
[2023-09-17 18:13:45,258] 44 root - INFO - >>>>>> stage Evaluation stage started <<<<<<
[2023-09-17 18:13:45,262] 36 root - INFO - yaml file: config\config.yaml loaded successfully
[2023-09-17 18:13:45,265] 36 root - INFO - yaml file: params.yaml loaded successfully
[2023-09-17 18:13:45,266] 54 root - INFO - created directory at: artifacts
