[2023-09-16 22:35:07,164] 12 root - INFO - >>>>>> stage Data Ingestion stage started <<<<<<
[2023-09-16 22:35:07,169] 36 root - INFO - yaml file: config\config.yaml loaded successfully
[2023-09-16 22:35:07,175] 36 root - INFO - yaml file: params.yaml loaded successfully
[2023-09-16 22:35:07,176] 54 root - INFO - created directory at: artifacts
[2023-09-16 22:35:07,177] 54 root - INFO - created directory at: artifacts/data_ingestion
[2023-09-16 22:35:07,177] 24 root - INFO - File already exists of size: ~ 1189856 KB
[2023-09-16 22:35:21,095] 15 root - INFO - >>>>>> stage Data Ingestion stage completed <<<<<<

x==========x
[2023-09-16 22:35:21,096] 21 root - INFO - *******************
[2023-09-16 22:35:21,096] 22 root - INFO - >>>>>> stage Prepare base model started <<<<<<
[2023-09-16 22:35:21,099] 36 root - INFO - yaml file: config\config.yaml loaded successfully
[2023-09-16 22:35:21,101] 36 root - INFO - yaml file: params.yaml loaded successfully
[2023-09-16 22:35:21,101] 54 root - INFO - created directory at: artifacts
[2023-09-16 22:35:21,102] 54 root - INFO - created directory at: artifacts/prepare_base_model
[2023-09-16 22:35:21,663] 359 tensorflow - WARNING - Compiled the loaded model, but the compiled metrics have yet to be built. `model.compile_metrics` will be empty until you train or evaluate the model.
[2023-09-16 22:35:21,961] 25 root - INFO - >>>>>> stage Prepare base model completed <<<<<<

x==========x
[2023-09-16 22:35:21,961] 32 root - INFO - *******************
[2023-09-16 22:35:21,961] 33 root - INFO - >>>>>> stage Training started <<<<<<
[2023-09-16 22:35:21,963] 36 root - INFO - yaml file: config\config.yaml loaded successfully
[2023-09-16 22:35:21,965] 36 root - INFO - yaml file: params.yaml loaded successfully
[2023-09-16 22:35:21,965] 54 root - INFO - created directory at: artifacts
[2023-09-16 22:35:21,967] 54 root - INFO - created directory at: artifacts\prepare_callbacks\checkpoint_dir
[2023-09-16 22:35:21,967] 54 root - INFO - created directory at: artifacts\prepare_callbacks\tensorboard_log_dir
