[2023-09-17 09:49:56,036] 12 root - INFO - >>>>>> stage Data Ingestion stage started <<<<<<
[2023-09-17 09:49:56,038] 36 root - INFO - yaml file: config\config.yaml loaded successfully
[2023-09-17 09:49:56,039] 36 root - INFO - yaml file: params.yaml loaded successfully
[2023-09-17 09:49:56,039] 54 root - INFO - created directory at: artifacts
[2023-09-17 09:49:56,039] 54 root - INFO - created directory at: artifacts/data_ingestion
[2023-09-17 09:49:56,040] 24 root - INFO - File already exists of size: ~ 1189856 KB
[2023-09-17 09:50:10,372] 15 root - INFO - >>>>>> stage Data Ingestion stage completed <<<<<<

x==========x
[2023-09-17 09:50:10,373] 21 root - INFO - *******************
[2023-09-17 09:50:10,373] 22 root - INFO - >>>>>> stage Prepare base model started <<<<<<
[2023-09-17 09:50:10,375] 36 root - INFO - yaml file: config\config.yaml loaded successfully
[2023-09-17 09:50:10,376] 36 root - INFO - yaml file: params.yaml loaded successfully
[2023-09-17 09:50:10,376] 54 root - INFO - created directory at: artifacts
[2023-09-17 09:50:10,376] 54 root - INFO - created directory at: artifacts/prepare_base_model
[2023-09-17 09:50:11,055] 359 tensorflow - WARNING - Compiled the loaded model, but the compiled metrics have yet to be built. `model.compile_metrics` will be empty until you train or evaluate the model.
[2023-09-17 09:50:11,410] 25 root - INFO - >>>>>> stage Prepare base model completed <<<<<<

x==========x
[2023-09-17 09:50:11,410] 32 root - INFO - *******************
[2023-09-17 09:50:11,410] 33 root - INFO - >>>>>> stage Training started <<<<<<
[2023-09-17 09:50:11,412] 36 root - INFO - yaml file: config\config.yaml loaded successfully
[2023-09-17 09:50:11,414] 36 root - INFO - yaml file: params.yaml loaded successfully
[2023-09-17 09:50:11,414] 54 root - INFO - created directory at: artifacts
[2023-09-17 09:50:11,414] 54 root - INFO - created directory at: artifacts\prepare_callbacks\checkpoint_dir
[2023-09-17 09:50:11,415] 54 root - INFO - created directory at: artifacts\prepare_callbacks\tensorboard_log_dir
