[2023-09-16 22:47:52,678] 12 root - INFO - >>>>>> stage Data Ingestion stage started <<<<<<
[2023-09-16 22:47:52,680] 36 root - INFO - yaml file: config\config.yaml loaded successfully
[2023-09-16 22:47:52,682] 36 root - INFO - yaml file: params.yaml loaded successfully
[2023-09-16 22:47:52,682] 54 root - INFO - created directory at: artifacts
[2023-09-16 22:47:52,682] 54 root - INFO - created directory at: artifacts/data_ingestion
[2023-09-16 22:47:52,683] 24 root - INFO - File already exists of size: ~ 1189856 KB
[2023-09-16 22:48:05,263] 15 root - INFO - >>>>>> stage Data Ingestion stage completed <<<<<<

x==========x
[2023-09-16 22:48:05,264] 21 root - INFO - *******************
[2023-09-16 22:48:05,264] 22 root - INFO - >>>>>> stage Prepare base model started <<<<<<
[2023-09-16 22:48:05,268] 36 root - INFO - yaml file: config\config.yaml loaded successfully
[2023-09-16 22:48:05,269] 36 root - INFO - yaml file: params.yaml loaded successfully
[2023-09-16 22:48:05,270] 54 root - INFO - created directory at: artifacts
[2023-09-16 22:48:05,270] 54 root - INFO - created directory at: artifacts/prepare_base_model
[2023-09-16 22:48:05,889] 359 tensorflow - WARNING - Compiled the loaded model, but the compiled metrics have yet to be built. `model.compile_metrics` will be empty until you train or evaluate the model.
[2023-09-16 22:48:06,234] 25 root - INFO - >>>>>> stage Prepare base model completed <<<<<<

x==========x
[2023-09-16 22:48:06,234] 32 root - INFO - *******************
[2023-09-16 22:48:06,234] 33 root - INFO - >>>>>> stage Training started <<<<<<
[2023-09-16 22:48:06,237] 36 root - INFO - yaml file: config\config.yaml loaded successfully
[2023-09-16 22:48:06,238] 36 root - INFO - yaml file: params.yaml loaded successfully
[2023-09-16 22:48:06,239] 54 root - INFO - created directory at: artifacts
[2023-09-16 22:48:06,239] 54 root - INFO - created directory at: artifacts\prepare_callbacks\checkpoint_dir
[2023-09-16 22:48:06,240] 54 root - INFO - created directory at: artifacts\prepare_callbacks\tensorboard_log_dir
