[2023-09-17 09:16:31,742] 12 root - INFO - >>>>>> stage Data Ingestion stage started <<<<<<
[2023-09-17 09:16:31,744] 36 root - INFO - yaml file: config\config.yaml loaded successfully
[2023-09-17 09:16:31,746] 36 root - INFO - yaml file: params.yaml loaded successfully
[2023-09-17 09:16:31,746] 54 root - INFO - created directory at: artifacts
[2023-09-17 09:16:31,746] 54 root - INFO - created directory at: artifacts/data_ingestion
[2023-09-17 09:16:31,746] 24 root - INFO - File already exists of size: ~ 1189856 KB
[2023-09-17 09:16:44,614] 15 root - INFO - >>>>>> stage Data Ingestion stage completed <<<<<<

x==========x
[2023-09-17 09:16:44,615] 21 root - INFO - *******************
[2023-09-17 09:16:44,615] 22 root - INFO - >>>>>> stage Prepare base model started <<<<<<
[2023-09-17 09:16:44,617] 36 root - INFO - yaml file: config\config.yaml loaded successfully
[2023-09-17 09:16:44,618] 36 root - INFO - yaml file: params.yaml loaded successfully
[2023-09-17 09:16:44,618] 54 root - INFO - created directory at: artifacts
[2023-09-17 09:16:44,619] 54 root - INFO - created directory at: artifacts/prepare_base_model
[2023-09-17 09:16:45,280] 359 tensorflow - WARNING - Compiled the loaded model, but the compiled metrics have yet to be built. `model.compile_metrics` will be empty until you train or evaluate the model.
[2023-09-17 09:16:45,649] 25 root - INFO - >>>>>> stage Prepare base model completed <<<<<<

x==========x
[2023-09-17 09:16:45,649] 32 root - INFO - *******************
[2023-09-17 09:16:45,649] 33 root - INFO - >>>>>> stage Training started <<<<<<
[2023-09-17 09:16:45,652] 36 root - INFO - yaml file: config\config.yaml loaded successfully
[2023-09-17 09:16:45,654] 36 root - INFO - yaml file: params.yaml loaded successfully
[2023-09-17 09:16:45,655] 54 root - INFO - created directory at: artifacts
[2023-09-17 09:16:45,656] 54 root - INFO - created directory at: artifacts\prepare_callbacks\checkpoint_dir
[2023-09-17 09:16:45,660] 54 root - INFO - created directory at: artifacts\prepare_callbacks\tensorboard_log_dir
